13:30:19.924 [JavaFX Application Thread] DEBUG GameApplication      - Logger initialized
13:30:19.928 [JavaFX Application Thread] DEBUG GameApplication      - Logging settings
Title: JavaSpace
Version: 0.0.1
Width: 600
Height: 600
Fullscreen: false
Intro: false
Menus: false
Profiling: false
Single step:false
App Mode: DEVELOPER
Menu Key: ESCAPE
Stage Style: DECORATED
Scene Factory: class com.almasb.fxgl.scene.SceneFactory
Dialog Factory: class com.almasb.fxgl.ui.FXGLDialogFactory
UI Factory: class com.almasb.fxgl.ui.FXGLUIFactory
Notification Service: class com.almasb.fxgl.gameplay.notification.XboxNotificationView
Exception Handler: class com.almasb.fxgl.app.FXGLExceptionHandler
13:30:19.928 [JavaFX Application Thread] DEBUG GameApplication      - Starting FXGL
13:30:19.945 [JavaFX Application Thread] INFO  FXGL                 - FXGL-0.5.4 on DESKTOP
13:30:19.945 [JavaFX Application Thread] INFO  FXGL                 - Source code and latest versions at: https://github.com/AlmasB/FXGL
13:30:19.946 [JavaFX Application Thread] INFO  FXGL                 -              Join the FXGL chat at: https://gitter.im/AlmasB/FXGL
13:30:19.946 [JavaFX Application Thread] DEBUG FXGL                 - FXGL started
13:30:19.946 [JavaFX Application Thread] DEBUG FXGL                 - Initializing FXGL
13:30:19.985 [JavaFX Application Thread] DEBUG AssetLoader          - Loading from disk: /assets/ui/cursors/fxgl_default.png
13:30:20.201 [JavaFX Application Thread] DEBUG AssetLoader          - Loading from disk: /assets/ui/fonts/VarelaRound-Regular.ttf
13:30:28.299 [JavaFX Application Thread] DEBUG MainWindow           - Creating a JavaFX scene
13:30:28.333 [JavaFX Application Thread] DEBUG MainWindow           - Target settings size: 600.0 x 600.0
13:30:28.333 [JavaFX Application Thread] DEBUG MainWindow           - Scaled scene size:    600.0 x 600.0
13:30:28.334 [JavaFX Application Thread] DEBUG MainWindow           - Scaled ratio: (1.0, 1.0)
13:30:28.336 [JavaFX Application Thread] DEBUG AssetLoader          - Loading from disk: /assets/ui/css/fxgl_dark.css
13:30:28.339 [JavaFX Application Thread] DEBUG AssetLoader          - Loading from disk: /assets/textures/fxgl_icon.png
13:30:28.359 [JavaFX Application Thread] DEBUG MainWindow           - Opening main window
13:30:28.539 [JavaFX Application Thread] DEBUG MainWindow           - Window border size: (0.0, 28.0)
13:30:28.539 [JavaFX Application Thread] DEBUG MainWindow           - Scaled size: 600.0 x 600.0
13:30:28.548 [JavaFX Application Thread] DEBUG MainWindow           - Scaled ratio: (1.0, 1.0)
13:30:28.550 [JavaFX Application Thread] DEBUG MainWindow           - Scene size: 600.0 x 600.0
13:30:28.551 [JavaFX Application Thread] DEBUG MainWindow           - Stage size: 600.0 x 628.0
13:30:28.634 [ForkJoinPool.commonPool-worker-1] DEBUG FS                   - Loaded DesktopFSService
13:30:28.634 [ForkJoinPool.commonPool-worker-1] DEBUG FXGL                 - Loading FXGL system data
13:30:28.700 [ForkJoinPool.commonPool-worker-1] DEBUG DesktopFSService     - Reading from: system/fxgl.bundle
13:30:28.720 [ForkJoinPool.commonPool-worker-1] DEBUG Bundle               - Logging bundle: FXGL
13:30:28.725 [ForkJoinPool.commonPool-worker-1] DEBUG Bundle               - FXGL.offline.timer.version.check=2019-01-17T13:00:37.332422
13:30:28.728 [ForkJoinPool.commonPool-worker-1] DEBUG FXGL                 - Initializing state machine and application states
13:30:28.730 [ForkJoinPool.commonPool-worker-1] DEBUG AssetLoader          - Loading from disk: /assets/ui/cursors/fxgl_default.png
13:30:28.747 [ForkJoinPool.commonPool-worker-1] DEBUG AssetLoader          - Loading from disk: /assets/ui/cursors/fxgl_default.png
13:30:28.760 [ForkJoinPool.commonPool-worker-1] DEBUG AssetLoader          - Loading from cache: /assets/ui/fonts/VarelaRound-Regular.ttf
13:30:28.784 [ForkJoinPool.commonPool-worker-1] DEBUG AssetLoader          - Loading from disk: /assets/ui/cursors/fxgl_default.png
13:30:28.797 [ForkJoinPool.commonPool-worker-1] DEBUG GameScene            - Game scene initialized: 600x600
13:30:28.808 [ForkJoinPool.commonPool-worker-1] DEBUG GameWorld            - Game world initialized
13:30:28.854 [ForkJoinPool.commonPool-worker-1] DEBUG PhysicsWorld         - Physics world initialized: appHeight=600, physics.ppm=50.0
13:30:28.873 [ForkJoinPool.commonPool-worker-1] DEBUG Input                - Registered new binding: Pause - Esc
13:30:28.950 [JavaFX Application Thread] DEBUG FXGL                 - Running preInit()
13:30:28.952 [JavaFX Application Thread] DEBUG Input                - Registered new binding: Screenshot - P
13:30:28.953 [JavaFX Application Thread] DEBUG Input                - Registered new binding: Dev Options - CTRL+0
13:30:28.954 [JavaFX Application Thread] DEBUG Input                - Registered new binding: System info dump - CTRL+9
13:30:28.954 [JavaFX Application Thread] DEBUG Input                - Registered new binding: Restart - CTRL+R
13:30:28.954 [JavaFX Application Thread] DEBUG Input                - Registered new binding: Move Right - D
13:30:28.954 [JavaFX Application Thread] DEBUG Input                - Registered new binding: Move Left - A
13:30:28.954 [JavaFX Application Thread] DEBUG Input                - Registered new binding: Move Up - W
13:30:28.954 [JavaFX Application Thread] DEBUG Input                - Registered new binding: Move Down - S
13:30:28.955 [JavaFX Application Thread] INFO  FXGL                 - FXGL initialization took: 9.008 sec
13:30:28.955 [JavaFX Application Thread] DEBUG LoopRunner           - Starting loop
13:30:28.957 [JavaFX Application Thread] DEBUG StartupState         - STARTUP
13:30:28.957 [JavaFX Application Thread] DEBUG GameApplication      - Starting new game
13:30:28.957 [JavaFX Application Thread] DEBUG Input                - Clearing active input actions
13:30:28.958 [JavaFX Application Thread] DEBUG AssetLoader          - Loading from disk: /assets/ui/css/fxgl_dark.css
13:30:28.970 [JavaFX Application Thread] DEBUG AppStateMachine      - StartupState -> LoadingState
13:30:28.995 [FXGL Background Thread 1 ] DEBUG InitAppTask          - Clearing previous game
13:30:28.995 [FXGL Background Thread 1 ] DEBUG GameWorld            - Clearing game world
13:30:28.995 [FXGL Background Thread 1 ] DEBUG PhysicsWorld         - Clearing physics world
13:30:28.995 [FXGL Background Thread 1 ] DEBUG GameScene            - Clearing game scene
13:30:28.996 [FXGL Background Thread 1 ] DEBUG InitAppTask          - Initializing Game
13:30:29.047 [FXGL Background Thread 1 ] DEBUG GameScene            - Creating render group for layer: DEFAULT(100000)
13:30:29.057 [FXGL Background Thread 1 ] DEBUG InitAppTask          - Initializing Physics
13:30:29.058 [FXGL Background Thread 1 ] DEBUG InitAppTask          - Initializing UI
13:30:29.058 [FXGL Background Thread 1 ] DEBUG InitAppTask          - Initialization Complete
13:30:29.058 [FXGL Background Thread 1 ] INFO  InitAppTask          - Game initialization took: 0.063 sec
13:30:29.085 [JavaFX Application Thread] DEBUG Input                - Clearing active input actions
13:30:29.085 [JavaFX Application Thread] DEBUG AssetLoader          - Loading from disk: /assets/ui/css/fxgl_dark.css
13:30:29.101 [JavaFX Application Thread] DEBUG AppStateMachine      - LoadingState -> PlayState
13:30:32.164 [JavaFX Application Thread] DEBUG FXGL                 - Exiting FXGL
13:30:32.164 [JavaFX Application Thread] DEBUG FXGL                 - Shutting down background threads
13:30:32.165 [JavaFX Application Thread] DEBUG FXGL                 - Saving FXGL system data
13:30:32.167 [JavaFX Application Thread] DEBUG DesktopFSService     - Writing to: system/fxgl.bundle
13:30:32.170 [JavaFX Application Thread] DEBUG FXGL                 - Closing logger and exiting JavaFX
