13:12:25.791 [JavaFX Application Thread] DEBUG GameApplication      - Logger initialized
13:12:25.794 [JavaFX Application Thread] DEBUG GameApplication      - Logging settings
Title: JavaSpace
Version: 0.1
Width: 600
Height: 600
Fullscreen: false
Intro: false
Menus: false
Profiling: false
Single step:false
App Mode: DEVELOPER
Menu Key: ESCAPE
Stage Style: DECORATED
Scene Factory: class com.almasb.fxgl.scene.SceneFactory
Dialog Factory: class com.almasb.fxgl.ui.FXGLDialogFactory
UI Factory: class com.almasb.fxgl.ui.FXGLUIFactory
Notification Service: class com.almasb.fxgl.gameplay.notification.XboxNotificationView
Exception Handler: class com.almasb.fxgl.app.FXGLExceptionHandler
13:12:25.795 [JavaFX Application Thread] DEBUG GameApplication      - Starting FXGL
13:12:25.811 [JavaFX Application Thread] INFO  FXGL                 - FXGL-0.5.4 on DESKTOP
13:12:25.812 [JavaFX Application Thread] INFO  FXGL                 - Source code and latest versions at: https://github.com/AlmasB/FXGL
13:12:25.812 [JavaFX Application Thread] INFO  FXGL                 -              Join the FXGL chat at: https://gitter.im/AlmasB/FXGL
13:12:25.812 [JavaFX Application Thread] DEBUG FXGL                 - FXGL started
13:12:25.813 [JavaFX Application Thread] DEBUG FXGL                 - Initializing FXGL
13:12:25.859 [JavaFX Application Thread] DEBUG AssetLoader          - Loading from disk: /assets/ui/cursors/fxgl_default.png
13:12:26.019 [JavaFX Application Thread] DEBUG AssetLoader          - Loading from disk: /assets/ui/fonts/VarelaRound-Regular.ttf
13:12:34.103 [JavaFX Application Thread] DEBUG MainWindow           - Creating a JavaFX scene
13:12:34.129 [JavaFX Application Thread] DEBUG MainWindow           - Target settings size: 600.0 x 600.0
13:12:34.130 [JavaFX Application Thread] DEBUG MainWindow           - Scaled scene size:    600.0 x 600.0
13:12:34.131 [JavaFX Application Thread] DEBUG MainWindow           - Scaled ratio: (1.0, 1.0)
13:12:34.135 [JavaFX Application Thread] DEBUG AssetLoader          - Loading from disk: /assets/ui/css/fxgl_dark.css
13:12:34.138 [JavaFX Application Thread] DEBUG AssetLoader          - Loading from disk: /assets/textures/fxgl_icon.png
13:12:34.159 [JavaFX Application Thread] DEBUG MainWindow           - Opening main window
13:12:34.309 [JavaFX Application Thread] DEBUG MainWindow           - Window border size: (0.0, 28.0)
13:12:34.310 [JavaFX Application Thread] DEBUG MainWindow           - Scaled size: 600.0 x 600.0
13:12:34.310 [JavaFX Application Thread] DEBUG MainWindow           - Scaled ratio: (1.0, 1.0)
13:12:34.311 [JavaFX Application Thread] DEBUG MainWindow           - Scene size: 600.0 x 600.0
13:12:34.311 [JavaFX Application Thread] DEBUG MainWindow           - Stage size: 600.0 x 628.0
13:12:34.405 [ForkJoinPool.commonPool-worker-1] DEBUG FS                   - Loaded DesktopFSService
13:12:34.405 [ForkJoinPool.commonPool-worker-1] DEBUG FXGL                 - Loading FXGL system data
13:12:34.411 [ForkJoinPool.commonPool-worker-1] DEBUG DesktopFSService     - Reading from: system/fxgl.bundle
13:12:34.455 [ForkJoinPool.commonPool-worker-1] DEBUG Bundle               - Logging bundle: FXGL
13:12:34.456 [ForkJoinPool.commonPool-worker-1] DEBUG Bundle               - FXGL.offline.timer.version.check=2019-01-17T13:00:37.332422
13:12:34.458 [ForkJoinPool.commonPool-worker-1] DEBUG FXGL                 - Initializing state machine and application states
13:12:34.462 [ForkJoinPool.commonPool-worker-1] DEBUG AssetLoader          - Loading from disk: /assets/ui/cursors/fxgl_default.png
13:12:34.472 [ForkJoinPool.commonPool-worker-1] DEBUG AssetLoader          - Loading from disk: /assets/ui/cursors/fxgl_default.png
13:12:34.491 [ForkJoinPool.commonPool-worker-1] DEBUG AssetLoader          - Loading from cache: /assets/ui/fonts/VarelaRound-Regular.ttf
13:12:34.501 [ForkJoinPool.commonPool-worker-1] DEBUG AssetLoader          - Loading from disk: /assets/ui/cursors/fxgl_default.png
13:12:34.511 [ForkJoinPool.commonPool-worker-1] DEBUG GameScene            - Game scene initialized: 600x600
13:12:34.516 [ForkJoinPool.commonPool-worker-1] DEBUG GameWorld            - Game world initialized
13:12:34.608 [ForkJoinPool.commonPool-worker-1] DEBUG PhysicsWorld         - Physics world initialized: appHeight=600, physics.ppm=50.0
13:12:34.631 [ForkJoinPool.commonPool-worker-1] DEBUG Input                - Registered new binding: Pause - Esc
13:12:34.720 [JavaFX Application Thread] DEBUG FXGL                 - Running preInit()
13:12:34.721 [JavaFX Application Thread] DEBUG Input                - Registered new binding: Screenshot - P
13:12:34.722 [JavaFX Application Thread] DEBUG Input                - Registered new binding: Dev Options - CTRL+0
13:12:34.722 [JavaFX Application Thread] DEBUG Input                - Registered new binding: System info dump - CTRL+9
13:12:34.724 [JavaFX Application Thread] DEBUG Input                - Registered new binding: Restart - CTRL+R
13:12:34.724 [JavaFX Application Thread] DEBUG Input                - Registered new binding: Move Right - D
13:12:34.724 [JavaFX Application Thread] DEBUG Input                - Registered new binding: Move Left - A
13:12:34.725 [JavaFX Application Thread] INFO  FXGL                 - FXGL initialization took: 8.912 sec
13:12:34.726 [JavaFX Application Thread] DEBUG LoopRunner           - Starting loop
13:12:34.727 [JavaFX Application Thread] DEBUG StartupState         - STARTUP
13:12:34.727 [JavaFX Application Thread] DEBUG GameApplication      - Starting new game
13:12:34.727 [JavaFX Application Thread] DEBUG Input                - Clearing active input actions
13:12:34.728 [JavaFX Application Thread] DEBUG AssetLoader          - Loading from disk: /assets/ui/css/fxgl_dark.css
13:12:34.738 [JavaFX Application Thread] DEBUG AppStateMachine      - StartupState -> LoadingState
13:12:34.747 [FXGL Background Thread 1 ] DEBUG InitAppTask          - Clearing previous game
13:12:34.750 [FXGL Background Thread 1 ] DEBUG GameWorld            - Clearing game world
13:12:34.751 [FXGL Background Thread 1 ] DEBUG PhysicsWorld         - Clearing physics world
13:12:34.751 [FXGL Background Thread 1 ] DEBUG GameScene            - Clearing game scene
13:12:34.753 [FXGL Background Thread 1 ] DEBUG InitAppTask          - Initializing Game
13:12:34.821 [FXGL Background Thread 1 ] DEBUG GameScene            - Creating render group for layer: DEFAULT(100000)
13:12:34.825 [FXGL Background Thread 1 ] DEBUG InitAppTask          - Initializing Physics
13:12:34.826 [FXGL Background Thread 1 ] DEBUG InitAppTask          - Initializing UI
13:12:34.826 [FXGL Background Thread 1 ] DEBUG InitAppTask          - Initialization Complete
13:12:34.826 [FXGL Background Thread 1 ] INFO  InitAppTask          - Game initialization took: 0.079 sec
13:12:34.867 [JavaFX Application Thread] DEBUG Input                - Clearing active input actions
13:12:34.868 [JavaFX Application Thread] DEBUG AssetLoader          - Loading from disk: /assets/ui/css/fxgl_dark.css
13:12:34.890 [JavaFX Application Thread] DEBUG AppStateMachine      - LoadingState -> PlayState
13:12:57.465 [JavaFX Application Thread] DEBUG FXGL                 - Exiting FXGL
13:12:57.466 [JavaFX Application Thread] DEBUG FXGL                 - Shutting down background threads
13:12:57.466 [JavaFX Application Thread] DEBUG FXGL                 - Saving FXGL system data
13:12:57.471 [JavaFX Application Thread] DEBUG DesktopFSService     - Writing to: system/fxgl.bundle
13:12:57.485 [JavaFX Application Thread] DEBUG FXGL                 - Closing logger and exiting JavaFX
