17:23:01.774 [JavaFX Application Thread] DEBUG GameApplication      - Logger initialized
17:23:01.780 [JavaFX Application Thread] DEBUG GameApplication      - Logging settings
Title: JavaSpace
Version: 0.0.1
Width: 600
Height: 600
Fullscreen: false
Intro: false
Menus: false
Profiling: false
Single step:false
App Mode: DEVELOPER
Menu Key: ESCAPE
Stage Style: DECORATED
Scene Factory: class com.almasb.fxgl.scene.SceneFactory
Dialog Factory: class com.almasb.fxgl.ui.FXGLDialogFactory
UI Factory: class com.almasb.fxgl.ui.FXGLUIFactory
Notification Service: class com.almasb.fxgl.gameplay.notification.XboxNotificationView
Exception Handler: class com.almasb.fxgl.app.FXGLExceptionHandler
17:23:01.781 [JavaFX Application Thread] DEBUG GameApplication      - Starting FXGL
17:23:01.810 [JavaFX Application Thread] INFO  FXGL                 - FXGL-0.5.4 on DESKTOP
17:23:01.811 [JavaFX Application Thread] INFO  FXGL                 - Source code and latest versions at: https://github.com/AlmasB/FXGL
17:23:01.811 [JavaFX Application Thread] INFO  FXGL                 -              Join the FXGL chat at: https://gitter.im/AlmasB/FXGL
17:23:01.811 [JavaFX Application Thread] DEBUG FXGL                 - FXGL started
17:23:01.812 [JavaFX Application Thread] DEBUG FXGL                 - Initializing FXGL
17:23:01.891 [JavaFX Application Thread] DEBUG AssetLoader          - Loading from disk: /assets/ui/cursors/fxgl_default.png
17:23:02.205 [JavaFX Application Thread] DEBUG AssetLoader          - Loading from disk: /assets/ui/fonts/VarelaRound-Regular.ttf
17:23:10.324 [JavaFX Application Thread] DEBUG MainWindow           - Creating a JavaFX scene
17:23:10.356 [JavaFX Application Thread] DEBUG MainWindow           - Target settings size: 600.0 x 600.0
17:23:10.356 [JavaFX Application Thread] DEBUG MainWindow           - Scaled scene size:    600.0 x 600.0
17:23:10.357 [JavaFX Application Thread] DEBUG MainWindow           - Scaled ratio: (1.0, 1.0)
17:23:10.359 [JavaFX Application Thread] DEBUG AssetLoader          - Loading from disk: /assets/ui/css/fxgl_dark.css
17:23:10.362 [JavaFX Application Thread] DEBUG AssetLoader          - Loading from disk: /assets/textures/fxgl_icon.png
17:23:10.387 [JavaFX Application Thread] DEBUG MainWindow           - Opening main window
17:23:10.546 [JavaFX Application Thread] DEBUG MainWindow           - Window border size: (0.0, 28.0)
17:23:10.547 [JavaFX Application Thread] DEBUG MainWindow           - Scaled size: 600.0 x 600.0
17:23:10.548 [JavaFX Application Thread] DEBUG MainWindow           - Scaled ratio: (1.0, 1.0)
17:23:10.552 [JavaFX Application Thread] DEBUG MainWindow           - Scene size: 600.0 x 600.0
17:23:10.553 [JavaFX Application Thread] DEBUG MainWindow           - Stage size: 600.0 x 628.0
17:23:10.649 [ForkJoinPool.commonPool-worker-1] DEBUG FS                   - Loaded DesktopFSService
17:23:10.649 [ForkJoinPool.commonPool-worker-1] DEBUG FXGL                 - Loading FXGL system data
17:23:10.662 [ForkJoinPool.commonPool-worker-1] DEBUG DesktopFSService     - Reading from: system/fxgl.bundle
17:23:10.701 [ForkJoinPool.commonPool-worker-1] DEBUG Bundle               - Logging bundle: FXGL
17:23:10.702 [ForkJoinPool.commonPool-worker-1] DEBUG Bundle               - FXGL.offline.timer.version.check=2019-01-17T13:00:37.332422
17:23:10.705 [ForkJoinPool.commonPool-worker-1] DEBUG FXGL                 - Initializing state machine and application states
17:23:10.710 [ForkJoinPool.commonPool-worker-1] DEBUG AssetLoader          - Loading from disk: /assets/ui/cursors/fxgl_default.png
17:23:10.724 [ForkJoinPool.commonPool-worker-1] DEBUG AssetLoader          - Loading from disk: /assets/ui/cursors/fxgl_default.png
17:23:10.734 [ForkJoinPool.commonPool-worker-1] DEBUG AssetLoader          - Loading from cache: /assets/ui/fonts/VarelaRound-Regular.ttf
17:23:10.752 [ForkJoinPool.commonPool-worker-1] DEBUG AssetLoader          - Loading from disk: /assets/ui/cursors/fxgl_default.png
17:23:10.768 [ForkJoinPool.commonPool-worker-1] DEBUG GameScene            - Game scene initialized: 600x600
17:23:10.777 [ForkJoinPool.commonPool-worker-1] DEBUG GameWorld            - Game world initialized
17:23:10.982 [ForkJoinPool.commonPool-worker-1] DEBUG PhysicsWorld         - Physics world initialized: appHeight=600, physics.ppm=50.0
17:23:11.027 [ForkJoinPool.commonPool-worker-1] DEBUG Input                - Registered new binding: Pause - Esc
17:23:11.130 [JavaFX Application Thread] DEBUG FXGL                 - Running preInit()
17:23:11.135 [JavaFX Application Thread] DEBUG Input                - Registered new binding: Screenshot - P
17:23:11.138 [JavaFX Application Thread] DEBUG Input                - Registered new binding: Dev Options - CTRL+0
17:23:11.140 [JavaFX Application Thread] DEBUG Input                - Registered new binding: System info dump - CTRL+9
17:23:11.141 [JavaFX Application Thread] DEBUG Input                - Registered new binding: Restart - CTRL+R
17:23:11.141 [JavaFX Application Thread] DEBUG Input                - Registered new binding: Move Right - D
17:23:11.142 [JavaFX Application Thread] DEBUG Input                - Registered new binding: Move Left - A
17:23:11.142 [JavaFX Application Thread] DEBUG Input                - Registered new binding: Move Up - W
17:23:11.142 [JavaFX Application Thread] DEBUG Input                - Registered new binding: Move Down - S
17:23:11.144 [JavaFX Application Thread] INFO  FXGL                 - FXGL initialization took: 9.332 sec
17:23:11.144 [JavaFX Application Thread] DEBUG LoopRunner           - Starting loop
17:23:11.145 [JavaFX Application Thread] DEBUG StartupState         - STARTUP
17:23:11.146 [JavaFX Application Thread] DEBUG GameApplication      - Starting new game
17:23:11.146 [JavaFX Application Thread] DEBUG Input                - Clearing active input actions
17:23:11.146 [JavaFX Application Thread] DEBUG AssetLoader          - Loading from disk: /assets/ui/css/fxgl_dark.css
17:23:11.179 [JavaFX Application Thread] DEBUG AppStateMachine      - StartupState -> LoadingState
17:23:11.206 [FXGL Background Thread 1 ] DEBUG InitAppTask          - Clearing previous game
17:23:11.206 [FXGL Background Thread 1 ] DEBUG GameWorld            - Clearing game world
17:23:11.206 [FXGL Background Thread 1 ] DEBUG PhysicsWorld         - Clearing physics world
17:23:11.207 [FXGL Background Thread 1 ] DEBUG GameScene            - Clearing game scene
17:23:11.218 [FXGL Background Thread 1 ] DEBUG InitAppTask          - Initializing Game
17:23:11.359 [FXGL Background Thread 1 ] DEBUG GameScene            - Creating render group for layer: DEFAULT(100000)
17:23:11.362 [FXGL Background Thread 1 ] DEBUG InitAppTask          - Initializing Physics
17:23:11.366 [FXGL Background Thread 1 ] DEBUG InitAppTask          - Initializing UI
17:23:11.367 [FXGL Background Thread 1 ] DEBUG InitAppTask          - Initialization Complete
17:23:11.367 [FXGL Background Thread 1 ] INFO  InitAppTask          - Game initialization took: 0.161 sec
17:23:11.445 [JavaFX Application Thread] DEBUG Input                - Clearing active input actions
17:23:11.449 [JavaFX Application Thread] DEBUG AssetLoader          - Loading from disk: /assets/ui/css/fxgl_dark.css
17:23:11.475 [JavaFX Application Thread] DEBUG AppStateMachine      - LoadingState -> PlayState
17:23:21.765 [JavaFX Application Thread] DEBUG FXGL                 - Exiting FXGL
17:23:21.765 [JavaFX Application Thread] DEBUG FXGL                 - Shutting down background threads
17:23:21.767 [JavaFX Application Thread] DEBUG FXGL                 - Saving FXGL system data
17:23:21.776 [JavaFX Application Thread] DEBUG DesktopFSService     - Writing to: system/fxgl.bundle
17:23:21.796 [JavaFX Application Thread] DEBUG FXGL                 - Closing logger and exiting JavaFX
