13:10:34.634 [JavaFX Application Thread] DEBUG GameApplication      - Logger initialized
13:10:34.637 [JavaFX Application Thread] DEBUG GameApplication      - Logging settings
Title: JavaSpace
Version: 0.1
Width: 600
Height: 600
Fullscreen: false
Intro: false
Menus: false
Profiling: false
Single step:false
App Mode: DEVELOPER
Menu Key: ESCAPE
Stage Style: DECORATED
Scene Factory: class com.almasb.fxgl.scene.SceneFactory
Dialog Factory: class com.almasb.fxgl.ui.FXGLDialogFactory
UI Factory: class com.almasb.fxgl.ui.FXGLUIFactory
Notification Service: class com.almasb.fxgl.gameplay.notification.XboxNotificationView
Exception Handler: class com.almasb.fxgl.app.FXGLExceptionHandler
13:10:34.637 [JavaFX Application Thread] DEBUG GameApplication      - Starting FXGL
13:10:34.654 [JavaFX Application Thread] INFO  FXGL                 - FXGL-0.5.4 on DESKTOP
13:10:34.654 [JavaFX Application Thread] INFO  FXGL                 - Source code and latest versions at: https://github.com/AlmasB/FXGL
13:10:34.655 [JavaFX Application Thread] INFO  FXGL                 -              Join the FXGL chat at: https://gitter.im/AlmasB/FXGL
13:10:34.655 [JavaFX Application Thread] DEBUG FXGL                 - FXGL started
13:10:34.655 [JavaFX Application Thread] DEBUG FXGL                 - Initializing FXGL
13:10:34.699 [JavaFX Application Thread] DEBUG AssetLoader          - Loading from disk: /assets/ui/cursors/fxgl_default.png
13:10:34.902 [JavaFX Application Thread] DEBUG AssetLoader          - Loading from disk: /assets/ui/fonts/VarelaRound-Regular.ttf
13:10:42.990 [JavaFX Application Thread] DEBUG MainWindow           - Creating a JavaFX scene
13:10:43.020 [JavaFX Application Thread] DEBUG MainWindow           - Target settings size: 600.0 x 600.0
13:10:43.020 [JavaFX Application Thread] DEBUG MainWindow           - Scaled scene size:    600.0 x 600.0
13:10:43.020 [JavaFX Application Thread] DEBUG MainWindow           - Scaled ratio: (1.0, 1.0)
13:10:43.022 [JavaFX Application Thread] DEBUG AssetLoader          - Loading from disk: /assets/ui/css/fxgl_dark.css
13:10:43.030 [JavaFX Application Thread] DEBUG AssetLoader          - Loading from disk: /assets/textures/fxgl_icon.png
13:10:43.054 [JavaFX Application Thread] DEBUG MainWindow           - Opening main window
13:10:43.223 [JavaFX Application Thread] DEBUG MainWindow           - Window border size: (0.0, 28.0)
13:10:43.224 [JavaFX Application Thread] DEBUG MainWindow           - Scaled size: 600.0 x 600.0
13:10:43.225 [JavaFX Application Thread] DEBUG MainWindow           - Scaled ratio: (1.0, 1.0)
13:10:43.227 [JavaFX Application Thread] DEBUG MainWindow           - Scene size: 600.0 x 600.0
13:10:43.228 [JavaFX Application Thread] DEBUG MainWindow           - Stage size: 600.0 x 628.0
13:10:43.329 [ForkJoinPool.commonPool-worker-1] DEBUG FS                   - Loaded DesktopFSService
13:10:43.329 [ForkJoinPool.commonPool-worker-1] DEBUG FXGL                 - Loading FXGL system data
13:10:43.347 [ForkJoinPool.commonPool-worker-1] DEBUG DesktopFSService     - Reading from: system/fxgl.bundle
13:10:43.369 [ForkJoinPool.commonPool-worker-1] DEBUG Bundle               - Logging bundle: FXGL
13:10:43.370 [ForkJoinPool.commonPool-worker-1] DEBUG Bundle               - FXGL.offline.timer.version.check=2019-01-17T13:00:37.332422
13:10:43.373 [ForkJoinPool.commonPool-worker-1] DEBUG FXGL                 - Initializing state machine and application states
13:10:43.374 [ForkJoinPool.commonPool-worker-1] DEBUG AssetLoader          - Loading from disk: /assets/ui/cursors/fxgl_default.png
13:10:43.392 [ForkJoinPool.commonPool-worker-1] DEBUG AssetLoader          - Loading from disk: /assets/ui/cursors/fxgl_default.png
13:10:43.398 [ForkJoinPool.commonPool-worker-1] DEBUG AssetLoader          - Loading from cache: /assets/ui/fonts/VarelaRound-Regular.ttf
13:10:43.412 [ForkJoinPool.commonPool-worker-1] DEBUG AssetLoader          - Loading from disk: /assets/ui/cursors/fxgl_default.png
13:10:43.436 [ForkJoinPool.commonPool-worker-1] DEBUG GameScene            - Game scene initialized: 600x600
13:10:43.446 [ForkJoinPool.commonPool-worker-1] DEBUG GameWorld            - Game world initialized
13:10:43.557 [ForkJoinPool.commonPool-worker-1] DEBUG PhysicsWorld         - Physics world initialized: appHeight=600, physics.ppm=50.0
13:10:43.620 [ForkJoinPool.commonPool-worker-1] DEBUG Input                - Registered new binding: Pause - Esc
13:10:43.748 [JavaFX Application Thread] DEBUG FXGL                 - Running preInit()
13:10:43.750 [JavaFX Application Thread] DEBUG Input                - Registered new binding: Screenshot - P
13:10:43.751 [JavaFX Application Thread] DEBUG Input                - Registered new binding: Dev Options - CTRL+0
13:10:43.751 [JavaFX Application Thread] DEBUG Input                - Registered new binding: System info dump - CTRL+9
13:10:43.752 [JavaFX Application Thread] DEBUG Input                - Registered new binding: Restart - CTRL+R
13:10:43.752 [JavaFX Application Thread] DEBUG Input                - Registered new binding: Move Right - D
13:10:43.753 [JavaFX Application Thread] INFO  FXGL                 - FXGL initialization took: 9.097 sec
13:10:43.753 [JavaFX Application Thread] DEBUG LoopRunner           - Starting loop
13:10:43.755 [JavaFX Application Thread] DEBUG StartupState         - STARTUP
13:10:43.755 [JavaFX Application Thread] DEBUG GameApplication      - Starting new game
13:10:43.755 [JavaFX Application Thread] DEBUG Input                - Clearing active input actions
13:10:43.759 [JavaFX Application Thread] DEBUG AssetLoader          - Loading from disk: /assets/ui/css/fxgl_dark.css
13:10:43.770 [JavaFX Application Thread] DEBUG AppStateMachine      - StartupState -> LoadingState
13:10:43.784 [FXGL Background Thread 1 ] DEBUG InitAppTask          - Clearing previous game
13:10:43.784 [FXGL Background Thread 1 ] DEBUG GameWorld            - Clearing game world
13:10:43.784 [FXGL Background Thread 1 ] DEBUG PhysicsWorld         - Clearing physics world
13:10:43.784 [FXGL Background Thread 1 ] DEBUG GameScene            - Clearing game scene
13:10:43.785 [FXGL Background Thread 1 ] DEBUG InitAppTask          - Initializing Game
13:10:43.886 [FXGL Background Thread 1 ] DEBUG GameScene            - Creating render group for layer: DEFAULT(100000)
13:10:43.895 [FXGL Background Thread 1 ] DEBUG InitAppTask          - Initializing Physics
13:10:43.895 [FXGL Background Thread 1 ] DEBUG InitAppTask          - Initializing UI
13:10:43.896 [FXGL Background Thread 1 ] DEBUG InitAppTask          - Initialization Complete
13:10:43.896 [FXGL Background Thread 1 ] INFO  InitAppTask          - Game initialization took: 0.112 sec
13:10:43.953 [JavaFX Application Thread] DEBUG Input                - Clearing active input actions
13:10:43.953 [JavaFX Application Thread] DEBUG AssetLoader          - Loading from disk: /assets/ui/css/fxgl_dark.css
13:10:43.978 [JavaFX Application Thread] DEBUG AppStateMachine      - LoadingState -> PlayState
13:10:47.456 [JavaFX Application Thread] DEBUG FXGL                 - Exiting FXGL
13:10:47.456 [JavaFX Application Thread] DEBUG FXGL                 - Shutting down background threads
13:10:47.457 [JavaFX Application Thread] DEBUG FXGL                 - Saving FXGL system data
13:10:47.458 [JavaFX Application Thread] DEBUG DesktopFSService     - Writing to: system/fxgl.bundle
13:10:47.462 [JavaFX Application Thread] DEBUG FXGL                 - Closing logger and exiting JavaFX
