13:07:56.710 [JavaFX Application Thread] DEBUG GameApplication      - Logger initialized
13:07:56.713 [JavaFX Application Thread] DEBUG GameApplication      - Logging settings
Title: JavaSpace
Version: 0.1
Width: 600
Height: 600
Fullscreen: false
Intro: false
Menus: false
Profiling: false
Single step:false
App Mode: DEVELOPER
Menu Key: ESCAPE
Stage Style: DECORATED
Scene Factory: class com.almasb.fxgl.scene.SceneFactory
Dialog Factory: class com.almasb.fxgl.ui.FXGLDialogFactory
UI Factory: class com.almasb.fxgl.ui.FXGLUIFactory
Notification Service: class com.almasb.fxgl.gameplay.notification.XboxNotificationView
Exception Handler: class com.almasb.fxgl.app.FXGLExceptionHandler
13:07:56.713 [JavaFX Application Thread] DEBUG GameApplication      - Starting FXGL
13:07:56.726 [JavaFX Application Thread] INFO  FXGL                 - FXGL-0.5.4 on DESKTOP
13:07:56.726 [JavaFX Application Thread] INFO  FXGL                 - Source code and latest versions at: https://github.com/AlmasB/FXGL
13:07:56.726 [JavaFX Application Thread] INFO  FXGL                 -              Join the FXGL chat at: https://gitter.im/AlmasB/FXGL
13:07:56.727 [JavaFX Application Thread] DEBUG FXGL                 - FXGL started
13:07:56.727 [JavaFX Application Thread] DEBUG FXGL                 - Initializing FXGL
13:07:56.759 [JavaFX Application Thread] DEBUG AssetLoader          - Loading from disk: /assets/ui/cursors/fxgl_default.png
13:07:56.944 [JavaFX Application Thread] DEBUG AssetLoader          - Loading from disk: /assets/ui/fonts/VarelaRound-Regular.ttf
13:08:05.017 [JavaFX Application Thread] DEBUG MainWindow           - Creating a JavaFX scene
13:08:05.043 [JavaFX Application Thread] DEBUG MainWindow           - Target settings size: 600.0 x 600.0
13:08:05.043 [JavaFX Application Thread] DEBUG MainWindow           - Scaled scene size:    600.0 x 600.0
13:08:05.044 [JavaFX Application Thread] DEBUG MainWindow           - Scaled ratio: (1.0, 1.0)
13:08:05.046 [JavaFX Application Thread] DEBUG AssetLoader          - Loading from disk: /assets/ui/css/fxgl_dark.css
13:08:05.049 [JavaFX Application Thread] DEBUG AssetLoader          - Loading from disk: /assets/textures/fxgl_icon.png
13:08:05.065 [JavaFX Application Thread] DEBUG MainWindow           - Opening main window
13:08:05.194 [JavaFX Application Thread] DEBUG MainWindow           - Window border size: (0.0, 28.0)
13:08:05.194 [JavaFX Application Thread] DEBUG MainWindow           - Scaled size: 600.0 x 600.0
13:08:05.194 [JavaFX Application Thread] DEBUG MainWindow           - Scaled ratio: (1.0, 1.0)
13:08:05.194 [JavaFX Application Thread] DEBUG MainWindow           - Scene size: 600.0 x 600.0
13:08:05.194 [JavaFX Application Thread] DEBUG MainWindow           - Stage size: 600.0 x 628.0
13:08:05.284 [ForkJoinPool.commonPool-worker-1] DEBUG FS                   - Loaded DesktopFSService
13:08:05.284 [ForkJoinPool.commonPool-worker-1] DEBUG FXGL                 - Loading FXGL system data
13:08:05.315 [ForkJoinPool.commonPool-worker-1] DEBUG DesktopFSService     - Reading from: system/fxgl.bundle
13:08:05.324 [ForkJoinPool.commonPool-worker-1] DEBUG Bundle               - Logging bundle: FXGL
13:08:05.324 [ForkJoinPool.commonPool-worker-1] DEBUG Bundle               - FXGL.offline.timer.version.check=2019-01-17T13:00:37.332422
13:08:05.332 [ForkJoinPool.commonPool-worker-1] DEBUG FXGL                 - Initializing state machine and application states
13:08:05.333 [ForkJoinPool.commonPool-worker-1] DEBUG AssetLoader          - Loading from disk: /assets/ui/cursors/fxgl_default.png
13:08:05.369 [ForkJoinPool.commonPool-worker-1] DEBUG AssetLoader          - Loading from disk: /assets/ui/cursors/fxgl_default.png
13:08:05.384 [ForkJoinPool.commonPool-worker-1] DEBUG AssetLoader          - Loading from cache: /assets/ui/fonts/VarelaRound-Regular.ttf
13:08:05.399 [ForkJoinPool.commonPool-worker-1] DEBUG AssetLoader          - Loading from disk: /assets/ui/cursors/fxgl_default.png
13:08:05.406 [ForkJoinPool.commonPool-worker-1] DEBUG GameScene            - Game scene initialized: 600x600
13:08:05.454 [ForkJoinPool.commonPool-worker-1] DEBUG GameWorld            - Game world initialized
13:08:05.528 [ForkJoinPool.commonPool-worker-1] DEBUG PhysicsWorld         - Physics world initialized: appHeight=600, physics.ppm=50.0
13:08:05.568 [ForkJoinPool.commonPool-worker-1] DEBUG Input                - Registered new binding: Pause - Esc
13:08:05.626 [JavaFX Application Thread] DEBUG FXGL                 - Running preInit()
13:08:05.627 [JavaFX Application Thread] DEBUG Input                - Registered new binding: Screenshot - P
13:08:05.628 [JavaFX Application Thread] DEBUG Input                - Registered new binding: Dev Options - CTRL+0
13:08:05.628 [JavaFX Application Thread] DEBUG Input                - Registered new binding: System info dump - CTRL+9
13:08:05.629 [JavaFX Application Thread] DEBUG Input                - Registered new binding: Restart - CTRL+R
13:08:05.630 [JavaFX Application Thread] INFO  FXGL                 - FXGL initialization took: 8.902 sec
13:08:05.630 [JavaFX Application Thread] DEBUG LoopRunner           - Starting loop
13:08:05.633 [JavaFX Application Thread] DEBUG StartupState         - STARTUP
13:08:05.633 [JavaFX Application Thread] DEBUG GameApplication      - Starting new game
13:08:05.633 [JavaFX Application Thread] DEBUG Input                - Clearing active input actions
13:08:05.634 [JavaFX Application Thread] DEBUG AssetLoader          - Loading from disk: /assets/ui/css/fxgl_dark.css
13:08:05.647 [JavaFX Application Thread] DEBUG AppStateMachine      - StartupState -> LoadingState
13:08:05.651 [FXGL Background Thread 1 ] DEBUG InitAppTask          - Clearing previous game
13:08:05.651 [FXGL Background Thread 1 ] DEBUG GameWorld            - Clearing game world
13:08:05.651 [FXGL Background Thread 1 ] DEBUG PhysicsWorld         - Clearing physics world
13:08:05.651 [FXGL Background Thread 1 ] DEBUG GameScene            - Clearing game scene
13:08:05.652 [FXGL Background Thread 1 ] DEBUG InitAppTask          - Initializing Game
13:08:05.709 [FXGL Background Thread 1 ] DEBUG GameScene            - Creating render group for layer: DEFAULT(100000)
13:08:05.712 [FXGL Background Thread 1 ] DEBUG InitAppTask          - Initializing Physics
13:08:05.713 [FXGL Background Thread 1 ] DEBUG InitAppTask          - Initializing UI
13:08:05.713 [FXGL Background Thread 1 ] DEBUG InitAppTask          - Initialization Complete
13:08:05.713 [FXGL Background Thread 1 ] INFO  InitAppTask          - Game initialization took: 0.062 sec
13:08:05.761 [JavaFX Application Thread] DEBUG Input                - Clearing active input actions
13:08:05.761 [JavaFX Application Thread] DEBUG AssetLoader          - Loading from disk: /assets/ui/css/fxgl_dark.css
13:08:05.773 [JavaFX Application Thread] DEBUG AppStateMachine      - LoadingState -> PlayState
13:08:15.790 [JavaFX Application Thread] DEBUG FXGL                 - Exiting FXGL
13:08:15.790 [JavaFX Application Thread] DEBUG FXGL                 - Shutting down background threads
13:08:15.792 [JavaFX Application Thread] DEBUG FXGL                 - Saving FXGL system data
13:08:15.798 [JavaFX Application Thread] DEBUG DesktopFSService     - Writing to: system/fxgl.bundle
13:08:15.812 [JavaFX Application Thread] DEBUG FXGL                 - Closing logger and exiting JavaFX
