13:00:10.662 [JavaFX Application Thread] DEBUG GameApplication      - Logger initialized
13:00:10.666 [JavaFX Application Thread] DEBUG GameApplication      - Logging settings
Title: JavaSpace
Version: 0.0
Width: 800
Height: 600
Fullscreen: false
Intro: false
Menus: false
Profiling: false
Single step:false
App Mode: DEVELOPER
Menu Key: ESCAPE
Stage Style: DECORATED
Scene Factory: class com.almasb.fxgl.scene.SceneFactory
Dialog Factory: class com.almasb.fxgl.ui.FXGLDialogFactory
UI Factory: class com.almasb.fxgl.ui.FXGLUIFactory
Notification Service: class com.almasb.fxgl.gameplay.notification.XboxNotificationView
Exception Handler: class com.almasb.fxgl.app.FXGLExceptionHandler
13:00:10.667 [JavaFX Application Thread] DEBUG GameApplication      - Starting FXGL
13:00:10.703 [JavaFX Application Thread] INFO  FXGL                 - FXGL-0.5.4 on DESKTOP
13:00:10.711 [JavaFX Application Thread] INFO  FXGL                 - Source code and latest versions at: https://github.com/AlmasB/FXGL
13:00:10.713 [JavaFX Application Thread] INFO  FXGL                 -              Join the FXGL chat at: https://gitter.im/AlmasB/FXGL
13:00:10.713 [JavaFX Application Thread] DEBUG FXGL                 - FXGL started
13:00:10.714 [JavaFX Application Thread] DEBUG FXGL                 - Initializing FXGL
13:00:10.799 [JavaFX Application Thread] DEBUG AssetLoader          - Loading from disk: /assets/ui/cursors/fxgl_default.png
13:00:11.138 [JavaFX Application Thread] DEBUG AssetLoader          - Loading from disk: /assets/ui/fonts/VarelaRound-Regular.ttf
13:00:19.256 [JavaFX Application Thread] DEBUG MainWindow           - Creating a JavaFX scene
13:00:19.327 [JavaFX Application Thread] DEBUG MainWindow           - Target settings size: 800.0 x 600.0
13:00:19.328 [JavaFX Application Thread] DEBUG MainWindow           - Scaled scene size:    800.0 x 600.0
13:00:19.329 [JavaFX Application Thread] DEBUG MainWindow           - Scaled ratio: (1.0, 1.0)
13:00:19.331 [JavaFX Application Thread] DEBUG AssetLoader          - Loading from disk: /assets/ui/css/fxgl_dark.css
13:00:19.335 [JavaFX Application Thread] DEBUG AssetLoader          - Loading from disk: /assets/textures/fxgl_icon.png
13:00:19.375 [JavaFX Application Thread] DEBUG MainWindow           - Opening main window
13:00:19.708 [JavaFX Application Thread] DEBUG MainWindow           - Window border size: (0.0, 28.0)
13:00:19.708 [JavaFX Application Thread] DEBUG MainWindow           - Scaled size: 800.0 x 600.0
13:00:19.709 [JavaFX Application Thread] DEBUG MainWindow           - Scaled ratio: (1.0, 1.0)
13:00:19.709 [JavaFX Application Thread] DEBUG MainWindow           - Scene size: 800.0 x 600.0
13:00:19.709 [JavaFX Application Thread] DEBUG MainWindow           - Stage size: 800.0 x 628.0
13:00:19.861 [ForkJoinPool.commonPool-worker-1] DEBUG FS                   - Loaded DesktopFSService
13:00:19.869 [ForkJoinPool.commonPool-worker-1] DEBUG FXGL                 - Loading default FXGL system data
13:00:19.884 [ForkJoinPool.commonPool-worker-1] DEBUG FXGL                 - Initializing state machine and application states
13:00:19.892 [ForkJoinPool.commonPool-worker-1] DEBUG AssetLoader          - Loading from disk: /assets/ui/cursors/fxgl_default.png
13:00:19.908 [ForkJoinPool.commonPool-worker-2] DEBUG UpdaterTask          - Checking for updates
13:00:19.940 [ForkJoinPool.commonPool-worker-1] DEBUG AssetLoader          - Loading from disk: /assets/ui/cursors/fxgl_default.png
13:00:19.982 [ForkJoinPool.commonPool-worker-1] DEBUG AssetLoader          - Loading from cache: /assets/ui/fonts/VarelaRound-Regular.ttf
13:00:19.998 [ForkJoinPool.commonPool-worker-1] DEBUG AssetLoader          - Loading from disk: /assets/ui/cursors/fxgl_default.png
13:00:20.013 [ForkJoinPool.commonPool-worker-1] DEBUG GameScene            - Game scene initialized: 800x600
13:00:20.020 [ForkJoinPool.commonPool-worker-1] DEBUG GameWorld            - Game world initialized
13:00:20.125 [ForkJoinPool.commonPool-worker-1] DEBUG PhysicsWorld         - Physics world initialized: appHeight=600, physics.ppm=50.0
13:00:20.147 [ForkJoinPool.commonPool-worker-1] DEBUG Input                - Registered new binding: Pause - Esc
13:00:20.269 [JavaFX Application Thread] DEBUG FXGL                 - Running preInit()
13:00:20.270 [JavaFX Application Thread] DEBUG Input                - Registered new binding: Screenshot - P
13:00:20.271 [JavaFX Application Thread] DEBUG Input                - Registered new binding: Dev Options - CTRL+0
13:00:20.271 [JavaFX Application Thread] DEBUG Input                - Registered new binding: System info dump - CTRL+9
13:00:20.271 [JavaFX Application Thread] DEBUG Input                - Registered new binding: Restart - CTRL+R
13:00:20.272 [JavaFX Application Thread] INFO  FXGL                 - FXGL initialization took: 9.558 sec
13:00:20.272 [JavaFX Application Thread] DEBUG LoopRunner           - Starting loop
13:00:20.273 [JavaFX Application Thread] DEBUG StartupState         - STARTUP
13:00:20.273 [JavaFX Application Thread] DEBUG GameApplication      - Starting new game
13:00:20.273 [JavaFX Application Thread] DEBUG Input                - Clearing active input actions
13:00:20.274 [JavaFX Application Thread] DEBUG AssetLoader          - Loading from disk: /assets/ui/css/fxgl_dark.css
13:00:20.289 [JavaFX Application Thread] DEBUG AppStateMachine      - StartupState -> LoadingState
13:00:20.296 [FXGL Background Thread 1 ] DEBUG InitAppTask          - Clearing previous game
13:00:20.298 [FXGL Background Thread 1 ] DEBUG GameWorld            - Clearing game world
13:00:20.298 [FXGL Background Thread 1 ] DEBUG PhysicsWorld         - Clearing physics world
13:00:20.298 [FXGL Background Thread 1 ] DEBUG GameScene            - Clearing game scene
13:00:20.301 [FXGL Background Thread 1 ] DEBUG InitAppTask          - Initializing Game
13:00:20.306 [FXGL Background Thread 1 ] DEBUG InitAppTask          - Initializing Physics
13:00:20.306 [FXGL Background Thread 1 ] DEBUG InitAppTask          - Initializing UI
13:00:20.306 [FXGL Background Thread 1 ] DEBUG InitAppTask          - Initialization Complete
13:00:20.307 [FXGL Background Thread 1 ] INFO  InitAppTask          - Game initialization took: 0.010 sec
13:00:20.325 [JavaFX Application Thread] DEBUG Input                - Clearing active input actions
13:00:20.326 [JavaFX Application Thread] DEBUG AssetLoader          - Loading from disk: /assets/ui/css/fxgl_dark.css
13:00:20.346 [JavaFX Application Thread] DEBUG AppStateMachine      - LoadingState -> PlayState
13:00:26.450 [JavaFX Application Thread] DEBUG FXGL                 - Exiting FXGL
13:00:26.450 [JavaFX Application Thread] DEBUG FXGL                 - Shutting down background threads
13:00:26.451 [JavaFX Application Thread] DEBUG FXGL                 - Saving FXGL system data
13:00:26.456 [JavaFX Application Thread] DEBUG DesktopFSService     - Writing to: system/fxgl.bundle
13:00:26.474 [JavaFX Application Thread] DEBUG FXGL                 - Closing logger and exiting JavaFX
