13:13:15.521 [JavaFX Application Thread] DEBUG GameApplication      - Logger initialized
13:13:15.525 [JavaFX Application Thread] DEBUG GameApplication      - Logging settings
Title: JavaSpace
Version: 0.1
Width: 600
Height: 600
Fullscreen: false
Intro: false
Menus: false
Profiling: false
Single step:false
App Mode: DEVELOPER
Menu Key: ESCAPE
Stage Style: DECORATED
Scene Factory: class com.almasb.fxgl.scene.SceneFactory
Dialog Factory: class com.almasb.fxgl.ui.FXGLDialogFactory
UI Factory: class com.almasb.fxgl.ui.FXGLUIFactory
Notification Service: class com.almasb.fxgl.gameplay.notification.XboxNotificationView
Exception Handler: class com.almasb.fxgl.app.FXGLExceptionHandler
13:13:15.525 [JavaFX Application Thread] DEBUG GameApplication      - Starting FXGL
13:13:15.542 [JavaFX Application Thread] INFO  FXGL                 - FXGL-0.5.4 on DESKTOP
13:13:15.543 [JavaFX Application Thread] INFO  FXGL                 - Source code and latest versions at: https://github.com/AlmasB/FXGL
13:13:15.543 [JavaFX Application Thread] INFO  FXGL                 -              Join the FXGL chat at: https://gitter.im/AlmasB/FXGL
13:13:15.543 [JavaFX Application Thread] DEBUG FXGL                 - FXGL started
13:13:15.544 [JavaFX Application Thread] DEBUG FXGL                 - Initializing FXGL
13:13:15.588 [JavaFX Application Thread] DEBUG AssetLoader          - Loading from disk: /assets/ui/cursors/fxgl_default.png
13:13:15.766 [JavaFX Application Thread] DEBUG AssetLoader          - Loading from disk: /assets/ui/fonts/VarelaRound-Regular.ttf
13:13:23.848 [JavaFX Application Thread] DEBUG MainWindow           - Creating a JavaFX scene
13:13:23.882 [JavaFX Application Thread] DEBUG MainWindow           - Target settings size: 600.0 x 600.0
13:13:23.883 [JavaFX Application Thread] DEBUG MainWindow           - Scaled scene size:    600.0 x 600.0
13:13:23.883 [JavaFX Application Thread] DEBUG MainWindow           - Scaled ratio: (1.0, 1.0)
13:13:23.888 [JavaFX Application Thread] DEBUG AssetLoader          - Loading from disk: /assets/ui/css/fxgl_dark.css
13:13:23.893 [JavaFX Application Thread] DEBUG AssetLoader          - Loading from disk: /assets/textures/fxgl_icon.png
13:13:23.923 [JavaFX Application Thread] DEBUG MainWindow           - Opening main window
13:13:24.096 [JavaFX Application Thread] DEBUG MainWindow           - Window border size: (0.0, 28.0)
13:13:24.096 [JavaFX Application Thread] DEBUG MainWindow           - Scaled size: 600.0 x 600.0
13:13:24.096 [JavaFX Application Thread] DEBUG MainWindow           - Scaled ratio: (1.0, 1.0)
13:13:24.096 [JavaFX Application Thread] DEBUG MainWindow           - Scene size: 600.0 x 600.0
13:13:24.096 [JavaFX Application Thread] DEBUG MainWindow           - Stage size: 600.0 x 628.0
13:13:24.219 [ForkJoinPool.commonPool-worker-1] DEBUG FS                   - Loaded DesktopFSService
13:13:24.219 [ForkJoinPool.commonPool-worker-1] DEBUG FXGL                 - Loading FXGL system data
13:13:24.235 [ForkJoinPool.commonPool-worker-1] DEBUG DesktopFSService     - Reading from: system/fxgl.bundle
13:13:24.266 [ForkJoinPool.commonPool-worker-1] DEBUG Bundle               - Logging bundle: FXGL
13:13:24.268 [ForkJoinPool.commonPool-worker-1] DEBUG Bundle               - FXGL.offline.timer.version.check=2019-01-17T13:00:37.332422
13:13:24.277 [ForkJoinPool.commonPool-worker-1] DEBUG FXGL                 - Initializing state machine and application states
13:13:24.278 [ForkJoinPool.commonPool-worker-1] DEBUG AssetLoader          - Loading from disk: /assets/ui/cursors/fxgl_default.png
13:13:24.296 [ForkJoinPool.commonPool-worker-1] DEBUG AssetLoader          - Loading from disk: /assets/ui/cursors/fxgl_default.png
13:13:24.303 [ForkJoinPool.commonPool-worker-1] DEBUG AssetLoader          - Loading from cache: /assets/ui/fonts/VarelaRound-Regular.ttf
13:13:24.305 [ForkJoinPool.commonPool-worker-1] DEBUG AssetLoader          - Loading from disk: /assets/ui/cursors/fxgl_default.png
13:13:24.375 [ForkJoinPool.commonPool-worker-1] DEBUG GameScene            - Game scene initialized: 600x600
13:13:24.389 [ForkJoinPool.commonPool-worker-1] DEBUG GameWorld            - Game world initialized
13:13:24.545 [ForkJoinPool.commonPool-worker-1] DEBUG PhysicsWorld         - Physics world initialized: appHeight=600, physics.ppm=50.0
13:13:24.572 [ForkJoinPool.commonPool-worker-1] DEBUG Input                - Registered new binding: Pause - Esc
13:13:24.722 [JavaFX Application Thread] DEBUG FXGL                 - Running preInit()
13:13:24.726 [JavaFX Application Thread] DEBUG Input                - Registered new binding: Screenshot - P
13:13:24.727 [JavaFX Application Thread] DEBUG Input                - Registered new binding: Dev Options - CTRL+0
13:13:24.727 [JavaFX Application Thread] DEBUG Input                - Registered new binding: System info dump - CTRL+9
13:13:24.731 [JavaFX Application Thread] DEBUG Input                - Registered new binding: Restart - CTRL+R
13:13:24.736 [JavaFX Application Thread] DEBUG Input                - Registered new binding: Move Right - D
13:13:24.737 [JavaFX Application Thread] DEBUG Input                - Registered new binding: Move Left - A
13:13:24.737 [JavaFX Application Thread] DEBUG Input                - Registered new binding: Move Up - W
13:13:24.737 [JavaFX Application Thread] DEBUG Input                - Registered new binding: Move Down - S
13:13:24.738 [JavaFX Application Thread] INFO  FXGL                 - FXGL initialization took: 9.194 sec
13:13:24.739 [JavaFX Application Thread] DEBUG LoopRunner           - Starting loop
13:13:24.741 [JavaFX Application Thread] DEBUG StartupState         - STARTUP
13:13:24.742 [JavaFX Application Thread] DEBUG GameApplication      - Starting new game
13:13:24.742 [JavaFX Application Thread] DEBUG Input                - Clearing active input actions
13:13:24.743 [JavaFX Application Thread] DEBUG AssetLoader          - Loading from disk: /assets/ui/css/fxgl_dark.css
13:13:24.758 [JavaFX Application Thread] DEBUG AppStateMachine      - StartupState -> LoadingState
13:13:24.775 [FXGL Background Thread 1 ] DEBUG InitAppTask          - Clearing previous game
13:13:24.775 [FXGL Background Thread 1 ] DEBUG GameWorld            - Clearing game world
13:13:24.775 [FXGL Background Thread 1 ] DEBUG PhysicsWorld         - Clearing physics world
13:13:24.775 [FXGL Background Thread 1 ] DEBUG GameScene            - Clearing game scene
13:13:24.777 [FXGL Background Thread 1 ] DEBUG InitAppTask          - Initializing Game
13:13:24.905 [FXGL Background Thread 1 ] DEBUG GameScene            - Creating render group for layer: DEFAULT(100000)
13:13:24.912 [FXGL Background Thread 1 ] DEBUG InitAppTask          - Initializing Physics
13:13:24.912 [FXGL Background Thread 1 ] DEBUG InitAppTask          - Initializing UI
13:13:24.913 [FXGL Background Thread 1 ] DEBUG InitAppTask          - Initialization Complete
13:13:24.913 [FXGL Background Thread 1 ] INFO  InitAppTask          - Game initialization took: 0.138 sec
13:13:24.987 [JavaFX Application Thread] DEBUG Input                - Clearing active input actions
13:13:24.987 [JavaFX Application Thread] DEBUG AssetLoader          - Loading from disk: /assets/ui/css/fxgl_dark.css
13:13:25.004 [JavaFX Application Thread] DEBUG AppStateMachine      - LoadingState -> PlayState
13:13:52.545 [JavaFX Application Thread] DEBUG FXGL                 - Exiting FXGL
13:13:52.546 [JavaFX Application Thread] DEBUG FXGL                 - Shutting down background threads
13:13:52.546 [JavaFX Application Thread] DEBUG FXGL                 - Saving FXGL system data
13:13:52.552 [JavaFX Application Thread] DEBUG DesktopFSService     - Writing to: system/fxgl.bundle
13:13:52.566 [JavaFX Application Thread] DEBUG FXGL                 - Closing logger and exiting JavaFX
